#
# A fatal error has been detected by the Java Runtime Environment:
#
#  EXCEPTION_ACCESS_VIOLATION (0xc0000005) at pc=0x00000000711a8b35, pid=5648, tid=9892
#
# JRE version: Java(TM) SE Runtime Environment (8.0_66-b17) (build 1.8.0_66-b17)
# Java VM: Java HotSpot(TM) 64-Bit Server VM (25.66-b17 mixed mode windows-amd64 compressed oops)
# Problematic frame:
# V  [jvm.dll+0x128b35]
#
# Failed to write core dump. Minidumps are not enabled by default on client versions of Windows
#
# If you would like to submit a bug report, please visit:
#   http://bugreport.java.com/bugreport/crash.jsp
#

---------------  T H R E A D  ---------------

Current thread (0x0000000019fb7800):  JavaThread "JDWP Transport Listener: dt_socket" daemon [_thread_in_vm, id=9892, stack(0x000000001a580000,0x000000001a680000)]

siginfo: ExceptionCode=0xc0000005, reading address 0xffffffffffffffff

Registers:
RAX=0x000000001a67f001, RBX=0x0000000019fb7800, RCX=0x6174614473656963, RDX=0x0000000000000000
RSP=0x000000001a67f050, RBP=0x6174614473656963, RSI=0x000000001a67f168, RDI=0x000000000137e120
R8 =0x0000000019fb7800, R9 =0x0000000000008000, R10=0x000000001e5874a0, R11=0x000000001a67f39a
R12=0x0000000000000000, R13=0x0000000019fc22b8, R14=0x0000000000000000, R15=0x0000000000000000
RIP=0x00000000711a8b35, EFLAGS=0x0000000000010206

Top of Stack: (sp=0x000000001a67f050)
0x000000001a67f050:   0000000019fb7800 0000000019fb7800
0x000000001a67f060:   000000001a67f118 00000000713ae2eb
0x000000001a67f070:   0000000019fb7800 00000000713cab4d
0x000000001a67f080:   0000000000000000 0000000070619155
0x000000001a67f090:   000000002703c210 000000007062291e
0x000000001a67f0a0:   0000000019fb7800 0000000000000000
0x000000001a67f0b0:   0000000000000000 0000000000000000
0x000000001a67f0c0:   6174614473656963 0000000070621a15
0x000000001a67f0d0:   000000001a67f168 000000001a67f140
0x000000001a67f0e0:   0000000000000001 000000002703c210
0x000000001a67f0f0:   6174614473656963 00000000706053b3
0x000000001a67f100:   000000001a67f230 0000000000000001
0x000000001a67f110:   0000000000000001 000000002703c210
0x000000001a67f120:   00000000f000100a 0000000000000000
0x000000001a67f130:   0000000000000000 0000000000000000
0x000000001a67f140:   0000000000000001 0000000070605571 

Instructions: (pc=0x00000000711a8b35)
0x00000000711a8b15:   cc cc cc cc cc cc cc cc cc cc cc 48 83 ec 28 48
0x00000000711a8b25:   85 c9 75 07 33 c0 48 83 c4 28 c3 48 89 5c 24 20
0x00000000711a8b35:   48 8b 19 48 85 db 74 20 48 83 fb 37 74 1a 48 8b
0x00000000711a8b45:   13 48 8b cb ff 52 10 84 c0 74 0d 48 8b c3 48 8b 


Register to memory mapping:

RAX=0x000000001a67f001 is pointing into the stack for thread: 0x0000000019fb7800
RBX=0x0000000019fb7800 is a thread
RCX=0x6174614473656963 is an unknown value
RDX=0x0000000000000000 is an unknown value
RSP=0x000000001a67f050 is pointing into the stack for thread: 0x0000000019fb7800
RBP=0x6174614473656963 is an unknown value
RSI=0x000000001a67f168 is pointing into the stack for thread: 0x0000000019fb7800
RDI=0x000000000137e120 is an unknown value
R8 =0x0000000019fb7800 is a thread
R9 =0x0000000000008000 is an unknown value
R10=0x000000001e5874a0 is an unknown value
R11=0x000000001a67f39a is pointing into the stack for thread: 0x0000000019fb7800
R12=0x0000000000000000 is an unknown value
R13=0x0000000019fc22b8 is an unknown value
R14=0x0000000000000000 is an unknown value
R15=0x0000000000000000 is an unknown value


Stack: [0x000000001a580000,0x000000001a680000],  sp=0x000000001a67f050,  free space=1020k
Native frames: (J=compiled Java code, j=interpreted, Vv=VM code, C=native code)
V  [jvm.dll+0x128b35]
V  [jvm.dll+0x34ab4d]
C  [jdwp.dll+0x21a15]
C  [jdwp.dll+0x53b3]
C  [jdwp.dll+0x5571]
C  [jdwp.dll+0xf0a8]
C  [jdwp.dll+0x1f2d5]
C  [jdwp.dll+0x1f4aa]
V  [jvm.dll+0x1bba28]
V  [jvm.dll+0x243274]
V  [jvm.dll+0x29a0fa]
C  [msvcr100.dll+0x21d9f]
C  [msvcr100.dll+0x21e3b]
C  [KERNEL32.DLL+0x12774]
C  [ntdll.dll+0x70d61]


---------------  P R O C E S S  ---------------

Java Threads: ( => current thread )
  0x000000001becd000 JavaThread "DestroyJavaVM" [_thread_blocked, id=13800, stack(0x0000000002c80000,0x0000000002d80000)]
  0x000000001becb800 JavaThread "http-nio-8080-AsyncTimeout" daemon [_thread_blocked, id=11388, stack(0x0000000029cc0000,0x0000000029dc0000)]
  0x000000001bed2800 JavaThread "http-nio-8080-Acceptor-0" daemon [_thread_in_native, id=15912, stack(0x0000000029bc0000,0x0000000029cc0000)]
  0x000000001bed1800 JavaThread "http-nio-8080-ClientPoller-1" daemon [_thread_in_native, id=7748, stack(0x0000000029ac0000,0x0000000029bc0000)]
  0x000000001becc000 JavaThread "http-nio-8080-ClientPoller-0" daemon [_thread_in_native, id=15672, stack(0x00000000299c0000,0x0000000029ac0000)]
  0x000000001bed0000 JavaThread "http-nio-8080-exec-10" daemon [_thread_blocked, id=15632, stack(0x00000000298c0000,0x00000000299c0000)]
  0x000000001becf800 JavaThread "http-nio-8080-exec-9" daemon [_thread_blocked, id=720, stack(0x00000000297c0000,0x00000000298c0000)]
  0x000000001bed1000 JavaThread "http-nio-8080-exec-8" daemon [_thread_blocked, id=10872, stack(0x00000000296c0000,0x00000000297c0000)]
  0x000000001bece800 JavaThread "http-nio-8080-exec-7" daemon [_thread_blocked, id=14296, stack(0x00000000295c0000,0x00000000296c0000)]
  0x000000001c8c8800 JavaThread "http-nio-8080-exec-6" daemon [_thread_blocked, id=520, stack(0x00000000294c0000,0x00000000295c0000)]
  0x000000001c8c7800 JavaThread "http-nio-8080-exec-5" daemon [_thread_blocked, id=11448, stack(0x00000000293c0000,0x00000000294c0000)]
  0x000000001c8c7000 JavaThread "http-nio-8080-exec-4" daemon [_thread_blocked, id=9616, stack(0x0000000029100000,0x0000000029200000)]
  0x000000001c8c6000 JavaThread "http-nio-8080-exec-3" daemon [_thread_blocked, id=2828, stack(0x0000000029000000,0x0000000029100000)]
  0x000000001c8c9800 JavaThread "http-nio-8080-exec-2" daemon [_thread_blocked, id=15236, stack(0x0000000028f00000,0x0000000029000000)]
  0x000000001c8cd000 JavaThread "http-nio-8080-exec-1" daemon [_thread_blocked, id=11808, stack(0x0000000028e00000,0x0000000028f00000)]
  0x000000001c8cc800 JavaThread "NioBlockingSelector.BlockPoller-1" daemon [_thread_in_native, id=16172, stack(0x0000000025090000,0x0000000025190000)]
  0x000000001c8cb800 JavaThread "scheduler_QuartzSchedulerThread" [_thread_blocked, id=8048, stack(0x0000000024f90000,0x0000000025090000)]
  0x000000001c8cb000 JavaThread "scheduler_Worker-2" [_thread_blocked, id=6988, stack(0x0000000024e90000,0x0000000024f90000)]
  0x000000001c8ca000 JavaThread "scheduler_Worker-1" [_thread_blocked, id=14148, stack(0x0000000024d90000,0x0000000024e90000)]
  0x000000001f0ab800 JavaThread "SergioTest16Bot Telegram Executor" [_thread_blocked, id=11268, stack(0x0000000024b90000,0x0000000024c90000)]
  0x000000001c308000 JavaThread "SergioTest16Bot Telegram Connection" [_thread_in_native, id=14508, stack(0x0000000022a40000,0x0000000022b40000)]
  0x000000001ee1f000 JavaThread "container-0" [_thread_blocked, id=1880, stack(0x0000000022740000,0x0000000022840000)]
  0x0000000020b63000 JavaThread "ContainerBackgroundProcessor[StandardEngine[Tomcat]]" daemon [_thread_blocked, id=14356, stack(0x00000000211f0000,0x00000000212f0000)]
  0x000000001a06d800 JavaThread "Service Thread" daemon [_thread_blocked, id=5148, stack(0x000000001aff0000,0x000000001b0f0000)]
  0x000000001a026000 JavaThread "C1 CompilerThread3" daemon [_thread_blocked, id=8712, stack(0x000000001aef0000,0x000000001aff0000)]
  0x0000000019fe7000 JavaThread "C2 CompilerThread2" daemon [_thread_blocked, id=9700, stack(0x000000001adf0000,0x000000001aef0000)]
  0x0000000019fde800 JavaThread "C2 CompilerThread1" daemon [_thread_blocked, id=2432, stack(0x000000001acf0000,0x000000001adf0000)]
  0x0000000019fd5800 JavaThread "C2 CompilerThread0" daemon [_thread_blocked, id=4916, stack(0x000000001abf0000,0x000000001acf0000)]
  0x0000000019fd1000 JavaThread "JDWP Command Reader" daemon [_thread_in_native, id=8944, stack(0x000000001aaf0000,0x000000001abf0000)]
  0x0000000019fc4800 JavaThread "JDWP Event Helper Thread" daemon [_thread_blocked, id=3608, stack(0x000000001a9f0000,0x000000001aaf0000)]
=>0x0000000019fb7800 JavaThread "JDWP Transport Listener: dt_socket" daemon [_thread_in_vm, id=9892, stack(0x000000001a580000,0x000000001a680000)]
  0x0000000019fae800 JavaThread "Attach Listener" daemon [_thread_blocked, id=12204, stack(0x000000001a480000,0x000000001a580000)]
  0x0000000019fad800 JavaThread "Signal Dispatcher" daemon [_thread_blocked, id=9732, stack(0x000000001a380000,0x000000001a480000)]
  0x0000000002f1e000 JavaThread "Finalizer" daemon [_thread_blocked, id=10488, stack(0x0000000019d80000,0x0000000019e80000)]
  0x0000000002f17000 JavaThread "Reference Handler" daemon [_thread_blocked, id=14436, stack(0x0000000019c80000,0x0000000019d80000)]

Other Threads:
  0x0000000017e9a000 VMThread [stack: 0x0000000019b80000,0x0000000019c80000] [id=15520]
  0x000000001a05f800 WatcherThread [stack: 0x000000001b0f0000,0x000000001b1f0000] [id=7872]

VM state:not at safepoint (normal execution)

VM Mutex/Monitor currently owned by a thread: None

Heap:
 PSYoungGen      total 140800K, used 39091K [0x00000000d5f00000, 0x00000000df880000, 0x0000000100000000)
  eden space 128512K, 25% used [0x00000000d5f00000,0x00000000d7e72d88,0x00000000ddc80000)
  from space 12288K, 56% used [0x00000000dec80000,0x00000000df339f80,0x00000000df880000)
  to   space 14336K, 0% used [0x00000000ddc80000,0x00000000ddc80000,0x00000000dea80000)
 ParOldGen       total 104960K, used 19413K [0x0000000081c00000, 0x0000000088280000, 0x00000000d5f00000)
  object space 104960K, 18% used [0x0000000081c00000,0x0000000082ef5600,0x0000000088280000)
 Metaspace       used 39627K, capacity 40304K, committed 40704K, reserved 1085440K
  class space    used 4883K, capacity 5028K, committed 5120K, reserved 1048576K

Card table byte_map: [0x00000000122e0000,0x00000000126e0000] byte_map_base: 0x0000000011ed2000

Marking Bits: (ParMarkBitMap*) 0x000000007188a5b0
 Begin Bits: [0x0000000013190000, 0x0000000015120000)
 End Bits:   [0x0000000015120000, 0x00000000170b0000)

Polling page: 0x0000000001380000

CodeCache: size=245760Kb used=14015Kb max_used=14015Kb free=231744Kb
 bounds [0x0000000002f20000, 0x0000000003ce0000, 0x0000000011f20000]
 total_blobs=3976 nmethods=3504 adapters=391
 compilation: enabled

Compilation events (10 events):
Event: 270.643 Thread 0x000000001a026000 4070       1       com.fasterxml.jackson.databind.DeserializationFeature::getMask (5 bytes)
Event: 270.643 Thread 0x000000001a026000 nmethod 4070 0x0000000003cd54d0 code [0x0000000003cd5620, 0x0000000003cd5730]
Event: 271.143 Thread 0x000000001a026000 4071       3       org.apache.http.protocol.HttpCoreContext::getAttribute (11 bytes)
Event: 271.143 Thread 0x000000001a026000 nmethod 4071 0x0000000003cd5050 code [0x0000000003cd51c0, 0x0000000003cd53e8]
Event: 271.143 Thread 0x000000001a026000 4072       3       org.apache.http.protocol.BasicHttpContext::getAttribute (42 bytes)
Event: 271.144 Thread 0x000000001a026000 nmethod 4072 0x0000000003cd8d10 code [0x0000000003cd8f20, 0x0000000003cd99f8]
Event: 271.144 Thread 0x000000001a026000 4073       3       com.sun.crypto.provider.AESCrypt::encryptBlock (953 bytes)
Event: 271.145 Thread 0x000000001a026000 nmethod 4073 0x0000000003cd9fd0 code [0x0000000003cda200, 0x0000000003cdb110]
Event: 275.563 Thread 0x000000001a026000 4074       1       org.quartz.impl.triggers.SimpleTriggerImpl::getNextFireTime (5 bytes)
Event: 275.563 Thread 0x000000001a026000 nmethod 4074 0x0000000003cd4d90 code [0x0000000003cd4ee0, 0x0000000003cd4ff0]

GC Heap History (10 events):
Event: 2.702 GC heap before
{Heap before GC invocations=6 (full 1):
 PSYoungGen      total 71680K, used 66560K [0x00000000d5f00000, 0x00000000daa00000, 0x0000000100000000)
  eden space 66560K, 100% used [0x00000000d5f00000,0x00000000da000000,0x00000000da000000)
  from space 5120K, 0% used [0x00000000da500000,0x00000000da500000,0x00000000daa00000)
  to   space 5120K, 0% used [0x00000000da000000,0x00000000da000000,0x00000000da500000)
 ParOldGen       total 60928K, used 6975K [0x0000000081c00000, 0x0000000085780000, 0x00000000d5f00000)
  object space 60928K, 11% used [0x0000000081c00000,0x00000000822cfc48,0x0000000085780000)
 Metaspace       used 25697K, capacity 26142K, committed 26368K, reserved 1073152K
  class space    used 3149K, capacity 3250K, committed 3328K, reserved 1048576K
Event: 2.714 GC heap after
Heap after GC invocations=6 (full 1):
 PSYoungGen      total 71680K, used 5117K [0x00000000d5f00000, 0x00000000dcf00000, 0x0000000100000000)
  eden space 66560K, 0% used [0x00000000d5f00000,0x00000000d5f00000,0x00000000da000000)
  from space 5120K, 99% used [0x00000000da000000,0x00000000da4ff790,0x00000000da500000)
  to   space 8704K, 0% used [0x00000000dc680000,0x00000000dc680000,0x00000000dcf00000)
 ParOldGen       total 60928K, used 9904K [0x0000000081c00000, 0x0000000085780000, 0x00000000d5f00000)
  object space 60928K, 16% used [0x0000000081c00000,0x00000000825ac198,0x0000000085780000)
 Metaspace       used 25697K, capacity 26142K, committed 26368K, reserved 1073152K
  class space    used 3149K, capacity 3250K, committed 3328K, reserved 1048576K
}
Event: 3.757 GC heap before
{Heap before GC invocations=7 (full 1):
 PSYoungGen      total 71680K, used 71677K [0x00000000d5f00000, 0x00000000dcf00000, 0x0000000100000000)
  eden space 66560K, 100% used [0x00000000d5f00000,0x00000000da000000,0x00000000da000000)
  from space 5120K, 99% used [0x00000000da000000,0x00000000da4ff790,0x00000000da500000)
  to   space 8704K, 0% used [0x00000000dc680000,0x00000000dc680000,0x00000000dcf00000)
 ParOldGen       total 60928K, used 9904K [0x0000000081c00000, 0x0000000085780000, 0x00000000d5f00000)
  object space 60928K, 16% used [0x0000000081c00000,0x00000000825ac198,0x0000000085780000)
 Metaspace       used 30951K, capacity 31426K, committed 31744K, reserved 1077248K
  class space    used 3839K, capacity 3986K, committed 4096K, reserved 1048576K
Event: 3.766 GC heap after
Heap after GC invocations=7 (full 1):
 PSYoungGen      total 102400K, used 8697K [0x00000000d5f00000, 0x00000000dd400000, 0x0000000100000000)
  eden space 93696K, 0% used [0x00000000d5f00000,0x00000000d5f00000,0x00000000dba80000)
  from space 8704K, 99% used [0x00000000dc680000,0x00000000dcefe668,0x00000000dcf00000)
  to   space 12288K, 0% used [0x00000000dba80000,0x00000000dba80000,0x00000000dc680000)
 ParOldGen       total 60928K, used 14345K [0x0000000081c00000, 0x0000000085780000, 0x00000000d5f00000)
  object space 60928K, 23% used [0x0000000081c00000,0x0000000082a02530,0x0000000085780000)
 Metaspace       used 30951K, capacity 31426K, committed 31744K, reserved 1077248K
  class space    used 3839K, capacity 3986K, committed 4096K, reserved 1048576K
}
Event: 4.891 GC heap before
{Heap before GC invocations=8 (full 1):
 PSYoungGen      total 102400K, used 46355K [0x00000000d5f00000, 0x00000000dd400000, 0x0000000100000000)
  eden space 93696K, 40% used [0x00000000d5f00000,0x00000000d83c65c8,0x00000000dba80000)
  from space 8704K, 99% used [0x00000000dc680000,0x00000000dcefe668,0x00000000dcf00000)
  to   space 12288K, 0% used [0x00000000dba80000,0x00000000dba80000,0x00000000dc680000)
 ParOldGen       total 60928K, used 14345K [0x0000000081c00000, 0x0000000085780000, 0x00000000d5f00000)
  object space 60928K, 23% used [0x0000000081c00000,0x0000000082a02530,0x0000000085780000)
 Metaspace       used 34736K, capacity 35234K, committed 35456K, reserved 1081344K
  class space    used 4298K, capacity 4451K, committed 4480K, reserved 1048576K
Event: 4.898 GC heap after
Heap after GC invocations=8 (full 1):
 PSYoungGen      total 105984K, used 12285K [0x00000000d5f00000, 0x00000000dfb00000, 0x0000000100000000)
  eden space 93696K, 0% used [0x00000000d5f00000,0x00000000d5f00000,0x00000000dba80000)
  from space 12288K, 99% used [0x00000000dba80000,0x00000000dc67f4f0,0x00000000dc680000)
  to   space 14848K, 0% used [0x00000000dec80000,0x00000000dec80000,0x00000000dfb00000)
 ParOldGen       total 60928K, used 16282K [0x0000000081c00000, 0x0000000085780000, 0x00000000d5f00000)
  object space 60928K, 26% used [0x0000000081c00000,0x0000000082be6818,0x0000000085780000)
 Metaspace       used 34736K, capacity 35234K, committed 35456K, reserved 1081344K
  class space    used 4298K, capacity 4451K, committed 4480K, reserved 1048576K
}
Event: 4.898 GC heap before
{Heap before GC invocations=9 (full 2):
 PSYoungGen      total 105984K, used 12285K [0x00000000d5f00000, 0x00000000dfb00000, 0x0000000100000000)
  eden space 93696K, 0% used [0x00000000d5f00000,0x00000000d5f00000,0x00000000dba80000)
  from space 12288K, 99% used [0x00000000dba80000,0x00000000dc67f4f0,0x00000000dc680000)
  to   space 14848K, 0% used [0x00000000dec80000,0x00000000dec80000,0x00000000dfb00000)
 ParOldGen       total 60928K, used 16282K [0x0000000081c00000, 0x0000000085780000, 0x00000000d5f00000)
  object space 60928K, 26% used [0x0000000081c00000,0x0000000082be6818,0x0000000085780000)
 Metaspace       used 34736K, capacity 35234K, committed 35456K, reserved 1081344K
  class space    used 4298K, capacity 4451K, committed 4480K, reserved 1048576K
Event: 4.951 GC heap after
Heap after GC invocations=9 (full 2):
 PSYoungGen      total 105984K, used 0K [0x00000000d5f00000, 0x00000000dfb00000, 0x0000000100000000)
  eden space 93696K, 0% used [0x00000000d5f00000,0x00000000d5f00000,0x00000000dba80000)
  from space 12288K, 0% used [0x00000000dba80000,0x00000000dba80000,0x00000000dc680000)
  to   space 14848K, 0% used [0x00000000dec80000,0x00000000dec80000,0x00000000dfb00000)
 ParOldGen       total 104960K, used 19405K [0x0000000081c00000, 0x0000000088280000, 0x00000000d5f00000)
  object space 104960K, 18% used [0x0000000081c00000,0x0000000082ef3600,0x0000000088280000)
 Metaspace       used 34736K, capacity 35234K, committed 35456K, reserved 1081344K
  class space    used 4298K, capacity 4451K, committed 4480K, reserved 1048576K
}
Event: 6.339 GC heap before
{Heap before GC invocations=10 (full 2):
 PSYoungGen      total 105984K, used 93696K [0x00000000d5f00000, 0x00000000dfb00000, 0x0000000100000000)
  eden space 93696K, 100% used [0x00000000d5f00000,0x00000000dba80000,0x00000000dba80000)
  from space 12288K, 0% used [0x00000000dba80000,0x00000000dba80000,0x00000000dc680000)
  to   space 14848K, 0% used [0x00000000dec80000,0x00000000dec80000,0x00000000dfb00000)
 ParOldGen       total 104960K, used 19405K [0x0000000081c00000, 0x0000000088280000, 0x00000000d5f00000)
  object space 104960K, 18% used [0x0000000081c00000,0x0000000082ef3600,0x0000000088280000)
 Metaspace       used 38158K, capacity 38796K, committed 39168K, reserved 1083392K
  class space    used 4700K, capacity 4850K, committed 4864K, reserved 1048576K
Event: 6.346 GC heap after
Heap after GC invocations=10 (full 2):
 PSYoungGen      total 140800K, used 6887K [0x00000000d5f00000, 0x00000000df880000, 0x0000000100000000)
  eden space 128512K, 0% used [0x00000000d5f00000,0x00000000d5f00000,0x00000000ddc80000)
  from space 12288K, 56% used [0x00000000dec80000,0x00000000df339f80,0x00000000df880000)
  to   space 14336K, 0% used [0x00000000ddc80000,0x00000000ddc80000,0x00000000dea80000)
 ParOldGen       total 104960K, used 19413K [0x0000000081c00000, 0x0000000088280000, 0x00000000d5f00000)
  object space 104960K, 18% used [0x0000000081c00000,0x0000000082ef5600,0x0000000088280000)
 Metaspace       used 38158K, capacity 38796K, committed 39168K, reserved 1083392K
  class space    used 4700K, capacity 4850K, committed 4864K, reserved 1048576K
}

Deoptimization events (10 events):
Event: 15.853 Thread 0x000000001c308000 Uncommon trap: reason=range_check action=none pc=0x0000000003193fdc method=sun.reflect.generics.parser.SignatureParser.current()C @ 34
Event: 15.856 Thread 0x000000001c308000 Uncommon trap: reason=unhandled action=none pc=0x0000000003a41b0c method=java.net.URLClassLoader.findClass(Ljava/lang/String;)Ljava/lang/Class; @ 44
Event: 15.859 Thread 0x000000001c308000 Uncommon trap: reason=unhandled action=none pc=0x0000000003a41b0c method=java.net.URLClassLoader.findClass(Ljava/lang/String;)Ljava/lang/Class; @ 44
Event: 15.859 Thread 0x000000001c308000 Uncommon trap: reason=unhandled action=none pc=0x0000000003a41b0c method=java.net.URLClassLoader.findClass(Ljava/lang/String;)Ljava/lang/Class; @ 44
Event: 15.862 Thread 0x000000001c308000 Uncommon trap: reason=unhandled action=none pc=0x0000000003a41b0c method=java.net.URLClassLoader.findClass(Ljava/lang/String;)Ljava/lang/Class; @ 44
Event: 15.868 Thread 0x000000001f0ab800 Uncommon trap: reason=unhandled action=none pc=0x0000000003a41b0c method=java.net.URLClassLoader.findClass(Ljava/lang/String;)Ljava/lang/Class; @ 44
Event: 33.439 Thread 0x0000000020b63000 Uncommon trap: reason=unhandled action=none pc=0x0000000003a41b0c method=java.net.URLClassLoader.findClass(Ljava/lang/String;)Ljava/lang/Class; @ 44
Event: 33.440 Thread 0x0000000020b63000 Uncommon trap: reason=unhandled action=none pc=0x0000000003a41b0c method=java.net.URLClassLoader.findClass(Ljava/lang/String;)Ljava/lang/Class; @ 44
Event: 118.133 Thread 0x000000001c308000 Uncommon trap: reason=bimorphic action=maybe_recompile pc=0x0000000003b17afc method=java.util.Hashtable.get(Ljava/lang/Object;)Ljava/lang/Object; @ 45
Event: 220.377 Thread 0x000000001c308000 Uncommon trap: reason=bimorphic action=maybe_recompile pc=0x0000000003b17afc method=java.util.Hashtable.get(Ljava/lang/Object;)Ljava/lang/Object; @ 45

Internal exceptions (10 events):
Event: 15.817 Thread 0x000000001c308000 Exception <a 'java/lang/ArrayIndexOutOfBoundsException': 185> (0x00000000d6b3bcb8) thrown at [C:\re\workspace\8-2-build-windows-amd64-cygwin\jdk8u66\4988\hotspot\src\share\vm\interpreter\interpreterRuntime.cpp, line 366]
Event: 15.818 Thread 0x000000001c308000 Exception <a 'java/lang/ArrayIndexOutOfBoundsException': 62> (0x00000000d6b46378) thrown at [C:\re\workspace\8-2-build-windows-amd64-cygwin\jdk8u66\4988\hotspot\src\share\vm\interpreter\interpreterRuntime.cpp, line 366]
Event: 15.829 Thread 0x000000001c308000 Exception <a 'java/lang/ArrayIndexOutOfBoundsException': 83> (0x00000000d76a3bf8) thrown at [C:\re\workspace\8-2-build-windows-amd64-cygwin\jdk8u66\4988\hotspot\src\share\vm\interpreter\interpreterRuntime.cpp, line 366]
Event: 15.839 Thread 0x000000001c308000 Exception <a 'java/lang/ArrayIndexOutOfBoundsException': 31> (0x00000000d7799658) thrown at [C:\re\workspace\8-2-build-windows-amd64-cygwin\jdk8u66\4988\hotspot\src\share\vm\interpreter\interpreterRuntime.cpp, line 366]
Event: 15.843 Thread 0x000000001c308000 Exception <a 'java/lang/ArrayIndexOutOfBoundsException': 59> (0x00000000d77f72e0) thrown at [C:\re\workspace\8-2-build-windows-amd64-cygwin\jdk8u66\4988\hotspot\src\share\vm\interpreter\interpreterRuntime.cpp, line 366]
Event: 15.848 Thread 0x000000001c308000 Exception <a 'java/lang/ArrayIndexOutOfBoundsException': 58> (0x00000000d7896690) thrown at [C:\re\workspace\8-2-build-windows-amd64-cygwin\jdk8u66\4988\hotspot\src\share\vm\interpreter\interpreterRuntime.cpp, line 366]
Event: 15.850 Thread 0x000000001c308000 Exception <a 'java/lang/ArrayIndexOutOfBoundsException': 31> (0x00000000d78a9cc8) thrown at [C:\re\workspace\8-2-build-windows-amd64-cygwin\jdk8u66\4988\hotspot\src\share\vm\interpreter\interpreterRuntime.cpp, line 366]
Event: 15.850 Thread 0x000000001c308000 Exception <a 'java/lang/ArrayIndexOutOfBoundsException': 31> (0x00000000d78ad208) thrown at [C:\re\workspace\8-2-build-windows-amd64-cygwin\jdk8u66\4988\hotspot\src\share\vm\interpreter\interpreterRuntime.cpp, line 366]
Event: 15.853 Thread 0x000000001c308000 Exception <a 'java/lang/ArrayIndexOutOfBoundsException': 31> (0x00000000d78e33c8) thrown at [C:\re\workspace\8-2-build-windows-amd64-cygwin\jdk8u66\4988\hotspot\src\share\vm\interpreter\interpreterRuntime.cpp, line 366]
Event: 15.864 Thread 0x000000001c308000 Exception <a 'java/lang/NoSuchMethodError': java.lang.Object.lambda$maxBy$24(Ljava/util/Comparator;Ljava/lang/Object;Ljava/lang/Object;)Ljava/lang/Object;> (0x00000000d79a3dd0) thrown at [C:\re\workspace\8-2-build-windows-amd64-cygwin\jdk8u66\4988\hotspot\Vªcg¢/@

Events (10 events):
Event: 215.562 Thread 0x000000001c8cb800 DEOPT UNPACKING pc=0x0000000002f6787f sp=0x000000002508e830 mode 1
Event: 220.377 Thread 0x000000001c308000 Uncommon trap: trap_request=0xffffffc6 fr.pc=0x0000000003b17afc
Event: 220.377 Thread 0x000000001c308000 DEOPT PACKING pc=0x0000000003b17afc sp=0x0000000022b3e2d0
Event: 220.377 Thread 0x000000001c308000 DEOPT UNPACKING pc=0x0000000002f6582a sp=0x0000000022b3e290 mode 2
Event: 245.562 Thread 0x000000001c8cb800 DEOPT PACKING pc=0x0000000003454724 sp=0x000000002508eab0
Event: 245.562 Thread 0x000000001c8cb800 DEOPT UNPACKING pc=0x0000000002f6787f sp=0x000000002508e830 mode 1
Event: 275.563 Thread 0x000000001c8cb800 DEOPT PACKING pc=0x0000000003454724 sp=0x000000002508eab0
Event: 275.563 Thread 0x000000001c8cb800 DEOPT UNPACKING pc=0x0000000002f6787f sp=0x000000002508e830 mode 1
Event: 276.849 Executing VM operation: RedefineClasses
Event: 276.884 Executing VM operation: RedefineClasses done


Dynamic libraries:
0x00007ff65e9d0000 - 0x00007ff65ea07000 	D:\workspace\app\jdk1.8.0_66\bin\javaw.exe
0x00007ffec5f40000 - 0x00007ffec611b000 	C:\WINDOWS\SYSTEM32\ntdll.dll
0x00007ffec4d80000 - 0x00007ffec4e2e000 	C:\WINDOWS\System32\KERNEL32.DLL
0x00007ffec2460000 - 0x00007ffec26a9000 	C:\WINDOWS\System32\KERNELBASE.dll
0x0000000073740000 - 0x00000000737c9000 	C:\WINDOWS\System32\SYSFER.DLL
0x00007ffec5750000 - 0x00007ffec57f1000 	C:\WINDOWS\System32\ADVAPI32.dll
0x00007ffec5480000 - 0x00007ffec551d000 	C:\WINDOWS\System32\msvcrt.dll
0x00007ffec5520000 - 0x00007ffec5579000 	C:\WINDOWS\System32\sechost.dll
0x00007ffec4990000 - 0x00007ffec4ab5000 	C:\WINDOWS\System32\RPCRT4.dll
0x00007ffec58c0000 - 0x00007ffec5a0a000 	C:\WINDOWS\System32\USER32.dll
0x00007ffec3410000 - 0x00007ffec342e000 	C:\WINDOWS\System32\win32u.dll
0x00007ffec4be0000 - 0x00007ffec4c07000 	C:\WINDOWS\System32\GDI32.dll
0x00007ffec2b80000 - 0x00007ffec2d09000 	C:\WINDOWS\System32\gdi32full.dll
0x00007ffec2a90000 - 0x00007ffec2b2a000 	C:\WINDOWS\System32\msvcp_win.dll
0x00007ffec2990000 - 0x00007ffec2a86000 	C:\WINDOWS\System32\ucrtbase.dll
0x00007ffeb3d10000 - 0x00007ffeb3f77000 	C:\WINDOWS\WinSxS\amd64_microsoft.windows.common-controls_6595b64144ccf1df_6.0.15063.0_none_108e4f62dfe5d999\COMCTL32.dll
0x00007ffec4fd0000 - 0x00007ffec52c9000 	C:\WINDOWS\System32\combase.dll
0x00007ffec3430000 - 0x00007ffec349a000 	C:\WINDOWS\System32\bcryptPrimitives.dll
0x00007ffec5580000 - 0x00007ffec55ad000 	C:\WINDOWS\System32\IMM32.DLL
0x0000000072240000 - 0x0000000072312000 	D:\workspace\app\jdk1.8.0_66\jre\bin\msvcr100.dll
0x0000000071080000 - 0x0000000071909000 	D:\workspace\app\jdk1.8.0_66\jre\bin\server\jvm.dll
0x00007ffec5720000 - 0x00007ffec5728000 	C:\WINDOWS\System32\PSAPI.DLL
0x00007ffebe550000 - 0x00007ffebe559000 	C:\WINDOWS\SYSTEM32\WSOCK32.dll
0x00007ffec5a10000 - 0x00007ffec5a7c000 	C:\WINDOWS\System32\WS2_32.dll
0x00007ffec0660000 - 0x00007ffec0683000 	C:\WINDOWS\SYSTEM32\WINMM.dll
0x00007ffec1430000 - 0x00007ffec143a000 	C:\WINDOWS\SYSTEM32\VERSION.dll
0x00007ffec0090000 - 0x00007ffec00bb000 	C:\WINDOWS\SYSTEM32\WINMMBASE.dll
0x00007ffec2b30000 - 0x00007ffec2b79000 	C:\WINDOWS\System32\cfgmgr32.dll
0x0000000072230000 - 0x000000007223f000 	D:\workspace\app\jdk1.8.0_66\jre\bin\verify.dll
0x0000000071f60000 - 0x0000000071f89000 	D:\workspace\app\jdk1.8.0_66\jre\bin\java.dll
0x0000000070600000 - 0x0000000070635000 	D:\workspace\app\jdk1.8.0_66\jre\bin\jdwp.dll
0x00000000702b0000 - 0x00000000702b8000 	D:\workspace\app\jdk1.8.0_66\jre\bin\npt.dll
0x0000000071f10000 - 0x0000000071f26000 	D:\workspace\app\jdk1.8.0_66\jre\bin\zip.dll
0x00007ffec34a0000 - 0x00007ffec48d7000 	C:\WINDOWS\System32\SHELL32.dll
0x00007ffec48e0000 - 0x00007ffec498a000 	C:\WINDOWS\System32\shcore.dll
0x00007ffec2d10000 - 0x00007ffec3402000 	C:\WINDOWS\System32\windows.storage.dll
0x00007ffec4d20000 - 0x00007ffec4d71000 	C:\WINDOWS\System32\shlwapi.dll
0x00007ffec2440000 - 0x00007ffec2451000 	C:\WINDOWS\System32\kernel.appcore.dll
0x00007ffec23b0000 - 0x00007ffec23fc000 	C:\WINDOWS\System32\powrprof.dll
0x00007ffec2420000 - 0x00007ffec2435000 	C:\WINDOWS\System32\profapi.dll
0x00000000702a0000 - 0x00000000702a9000 	D:\workspace\app\jdk1.8.0_66\jre\bin\dt_socket.dll
0x00007ffeb7f00000 - 0x00007ffeb7f16000 	C:\WINDOWS\system32\napinsp.dll
0x00007ffeb7f20000 - 0x00007ffeb7f3a000 	C:\WINDOWS\system32\pnrpnsp.dll
0x00007ffec0070000 - 0x00007ffec0088000 	C:\WINDOWS\system32\NLAapi.dll
0x00007ffec1c60000 - 0x00007ffec1cbc000 	C:\WINDOWS\System32\mswsock.dll
0x00007ffec1a40000 - 0x00007ffec1ae4000 	C:\WINDOWS\SYSTEM32\DNSAPI.dll
0x00007ffec4cb0000 - 0x00007ffec4cb8000 	C:\WINDOWS\System32\NSI.dll
0x00007ffec1a00000 - 0x00007ffec1a37000 	C:\WINDOWS\SYSTEM32\IPHLPAPI.DLL
0x00007ffeb7f40000 - 0x00007ffeb7f4e000 	C:\WINDOWS\System32\winrnr.dll
0x0000000073710000 - 0x0000000073736000 	C:\Program Files\Bonjour\mdnsNSP.dll
0x00007ffebf2b0000 - 0x00007ffebf31b000 	C:\WINDOWS\System32\fwpuclnt.dll
0x00007ffec21e0000 - 0x00007ffec2205000 	C:\WINDOWS\SYSTEM32\bcrypt.dll
0x00007ffebdfc0000 - 0x00007ffebdfca000 	C:\Windows\System32\rasadhlp.dll
0x00000000705f0000 - 0x00000000705fd000 	D:\workspace\app\jdk1.8.0_66\jre\bin\management.dll
0x0000000071ef0000 - 0x0000000071f0a000 	D:\workspace\app\jdk1.8.0_66\jre\bin\net.dll
0x0000000071ed0000 - 0x0000000071ee1000 	D:\workspace\app\jdk1.8.0_66\jre\bin\nio.dll
0x00007ffec1e00000 - 0x00007ffec1e17000 	C:\WINDOWS\SYSTEM32\CRYPTSP.dll
0x00007ffec1890000 - 0x00007ffec18c4000 	C:\WINDOWS\system32\rsaenh.dll
0x00007ffec22b0000 - 0x00007ffec22d9000 	C:\WINDOWS\SYSTEM32\USERENV.dll
0x00007ffec1e20000 - 0x00007ffec1e2b000 	C:\WINDOWS\SYSTEM32\CRYPTBASE.dll
0x00007ffebece0000 - 0x00007ffebecf6000 	C:\WINDOWS\SYSTEM32\dhcpcsvc6.DLL
0x00007ffebecc0000 - 0x00007ffebecda000 	C:\WINDOWS\SYSTEM32\dhcpcsvc.DLL
0x0000000071ea0000 - 0x0000000071ec4000 	D:\workspace\app\jdk1.8.0_66\jre\bin\sunec.dll
0x00007ffeb2580000 - 0x00007ffeb2729000 	C:\WINDOWS\SYSTEM32\dbghelp.dll

VM Arguments:
jvm_args: -agentlib:jdwp=transport=dt_socket,suspend=y,address=localhost:60633 -Dfile.encoding=UTF-8 
java_command: br.com.sergio.bot.BotApplication
java_class_path (initial): D:\workspace\app\jdk1.8.0_66\jre\lib\resources.jar;D:\workspace\app\jdk1.8.0_66\jre\lib\rt.jar;D:\workspace\app\jdk1.8.0_66\jre\lib\jsse.jar;D:\workspace\app\jdk1.8.0_66\jre\lib\jce.jar;D:\workspace\app\jdk1.8.0_66\jre\lib\charsets.jar;D:\workspace\app\jdk1.8.0_66\jre\lib\jfr.jar;D:\workspace\app\jdk1.8.0_66\jre\lib\ext\access-bridge-64.jar;D:\workspace\app\jdk1.8.0_66\jre\lib\ext\cldrdata.jar;D:\workspace\app\jdk1.8.0_66\jre\lib\ext\dnsns.jar;D:\workspace\app\jdk1.8.0_66\jre\lib\ext\jaccess.jar;D:\workspace\app\jdk1.8.0_66\jre\lib\ext\jfxrt.jar;D:\workspace\app\jdk1.8.0_66\jre\lib\ext\localedata.jar;D:\workspace\app\jdk1.8.0_66\jre\lib\ext\nashorn.jar;D:\workspace\app\jdk1.8.0_66\jre\lib\ext\sunec.jar;D:\workspace\app\jdk1.8.0_66\jre\lib\ext\sunjce_provider.jar;D:\workspace\app\jdk1.8.0_66\jre\lib\ext\sunmscapi.jar;D:\workspace\app\jdk1.8.0_66\jre\lib\ext\sunpkcs11.jar;D:\workspace\app\jdk1.8.0_66\jre\lib\ext\zipfs.jar;D:\workspace\estudos\bot\workspace\bot\target\classes;C:\Users\sergio-asf\.m2\repository\org\springframework\boot\spring-boot-starter\1.5.8.RELEASE\spring-boot-starter-1.5.8.RELEASE.jar;C:\Users\sergio-asf\.m2\repository\org\springframework\boot\spring-boot\1.5.8.RELEASE\spring-boot-1.5.8.RELEASE.jar;C:\Users\sergio-asf\.m2\repository\org\springframework\boot\spring-boot-autoconfigure\1.5.8.RELEASE\spring-boot-autoconfigure-1.5.8.RELEASE.jar;C:\Users\sergio-asf\.m2\repository\org\springframework\boot\spring-boot-starter-logging\1.5.8.RELEASE\spring-boot-starter-logging-1.5.8.RELEASE.jar;C:\Users\sergio-asf\.m2\repository\ch\qos\logback\logback-classic\1.1.11\logback-classic-1.1.11.jar;C:\Users\sergio-asf\.m2\repository\ch\qos\logback\logback-core\1.1.11\logback-core-1.1.11.jar;C:\Users\sergio-asf\.m2\repository\org\slf4j\slf4j-api\1.7.22\slf4j-api-1.7.22.jar;C:\Users\sergio-asf\.m2\repository\org\slf4j\jcl-over-slf4j\1.7.25\jcl-over-slf4j-1.7.25.jar;C:\Users\sergio-asf\.m2\repository\org\slf4j\jul-to-slf4j\1.7.25\jul-to-s
Launcher Type: SUN_STANDARD

Environment Variables:
JAVA_HOME=D:\workspace\app\jdk1.8.0_66
PATH=D:\workspace\app\jdk1.8.0_66\jre\bin;C:/Program Files/Java/jre1.8.0_131/bin/server;C:/Program Files/Java/jre1.8.0_131/bin;C:/Program Files/Java/jre1.8.0_131/lib/amd64;D:\OraHome_1\bin;D:\OraHome_1\jre\1.4.2\bin\client;C:\ProgramData\Oracle\Java\javapath;C:\Program Files (x86)\Intel\iCLS Client\;C:\Program Files\Intel\iCLS Client\;C:\WINDOWS\system32;C:\WINDOWS;C:\WINDOWS\System32\Wbem;C:\WINDOWS\System32\WindowsPowerShell\v1.0\;C:\Program Files (x86)\Intel\Intel(R) Management Engine Components\DAL;C:\Program Files\Intel\Intel(R) Management Engine Components\DAL;C:\Program Files (x86)\Intel\Intel(R) Management Engine Components\IPT;C:\Program Files\Intel\Intel(R) Management Engine Components\IPT;C:\Program Files (x86)\Common Files\Roxio Shared\10.0\DLLShared\;D:\workspace\app\apache-maven-3.0.5\bin;C:\Program Files\Git\cmd;C:\Program Files\TortoiseSVN\bin;D:\workspace\app\jdk1.8.0_66\bin;C:\Go\bin;C:\Program Files\nodejs\;C:\mongodb\bin;C:\ProgramData\Anaconda3\Scripts\;C:\ProgramData\Anaconda3\;C:\Users\sergio-asf\AppData\Local\Microsoft\WindowsApps;D:\workspace\app\apache-maven-3.0.5\bin;D:\workspace\app\jdk1.8.0_66\bin;C:\Program Files\Microsoft VS Code\bin;C:\Users\sergio-asf\AppData\Roaming\npm;C:\Program Files\Heroku\bin;C:\mongodb\bin;;D:\workspace\app\eclipse-oxygen;
USERNAME=sergio-asf
OS=Windows_NT
PROCESSOR_IDENTIFIER=Intel64 Family 6 Model 94 Stepping 3, GenuineIntel



---------------  S Y S T E M  ---------------

OS: Windows 10.0 , 64 bit Build 15063 (10.0.15063.0)

CPU:total 8 (4 cores per cpu, 2 threads per core) family 6 model 94 stepping 3, cmov, cx8, fxsr, mmx, sse, sse2, sse3, ssse3, sse4.1, sse4.2, popcnt, avx, avx2, aes, clmul, erms, rtm, 3dnowpref, lzcnt, ht, tsc, tscinvbit, bmi1, bmi2, adx

Memory: 4k page, physical 8266336k(2261284k free), swap 16654944k(7629016k free)

vm_info: Java HotSpot(TM) 64-Bit Server VM (25.66-b17) for windows-amd64 JRE (1.8.0_66-b17), built on Oct  6 2015 18:55:33 by "java_re" with MS VC++ 10.0 (VS2010)

time: Fri Jan 12 14:42:32 2018
elapsed time: 277 seconds (0d 0h 4m 37s)

